SF:lib/feature/movie/data/models/genre_model.dart
DA:6,2
DA:14,2
DA:15,1
DA:16,1
DA:19,2
DA:20,1
DA:21,1
DA:24,1
DA:25,3
DA:28,1
DA:29,3
LF:11
LH:11
end_of_record
SF:lib/feature/movie/data/models/movie_detail_model.dart
DA:7,2
DA:53,1
DA:54,1
DA:55,1
DA:56,1
DA:57,1
DA:58,1
DA:59,4
DA:60,1
DA:61,1
DA:62,1
DA:63,1
DA:64,1
DA:65,1
DA:66,2
DA:67,1
DA:68,1
DA:69,1
DA:70,1
DA:71,1
DA:72,1
DA:73,1
DA:74,1
DA:75,2
DA:76,1
DA:79,2
DA:80,1
DA:81,1
DA:82,1
DA:83,5
DA:84,1
DA:85,1
DA:86,1
DA:87,1
DA:88,1
DA:89,1
DA:90,1
DA:91,1
DA:92,1
DA:93,1
DA:94,1
DA:95,1
DA:96,1
DA:97,1
DA:98,1
DA:99,1
DA:100,1
DA:103,1
DA:104,1
DA:105,1
DA:106,1
DA:107,5
DA:108,1
DA:109,1
DA:110,1
DA:111,1
DA:112,1
DA:113,1
DA:114,1
DA:115,1
DA:116,1
DA:120,1
DA:121,1
DA:122,1
DA:123,1
DA:124,1
DA:125,1
DA:126,1
DA:127,1
DA:128,1
DA:129,1
DA:130,1
DA:131,1
DA:132,1
DA:133,1
DA:134,1
DA:135,1
DA:136,1
DA:137,1
DA:138,1
DA:139,1
DA:140,1
DA:141,1
DA:142,1
LF:84
LH:84
end_of_record
SF:lib/feature/movie/data/models/movie_model.dart
DA:6,5
DA:36,4
DA:37,2
DA:38,2
DA:39,2
DA:40,8
DA:41,0
DA:42,2
DA:43,2
DA:44,2
DA:45,4
DA:46,2
DA:47,2
DA:48,2
DA:49,2
DA:50,4
DA:51,2
DA:54,2
DA:55,1
DA:56,1
DA:57,4
DA:58,1
DA:59,1
DA:60,1
DA:61,1
DA:62,1
DA:63,1
DA:64,1
DA:65,1
DA:66,1
DA:67,1
DA:70,3
DA:71,3
DA:72,3
DA:73,3
DA:74,3
DA:75,3
DA:76,3
DA:77,3
DA:78,3
DA:79,3
DA:80,3
DA:81,3
DA:82,3
DA:83,3
DA:84,3
DA:88,2
DA:89,2
DA:90,2
DA:91,2
DA:92,2
DA:93,2
DA:94,2
DA:95,2
DA:96,2
DA:97,2
DA:98,2
DA:99,2
DA:100,2
DA:101,2
DA:102,2
LF:61
LH:60
end_of_record
SF:lib/feature/movie/data/models/movie_table.dart
DA:12,2
DA:19,2
DA:20,1
DA:21,1
DA:22,1
DA:23,1
DA:26,2
DA:27,1
DA:28,1
DA:29,1
DA:30,1
DA:33,0
DA:34,0
DA:35,0
DA:36,0
DA:37,0
DA:40,2
DA:41,1
DA:42,1
DA:43,1
DA:44,1
DA:47,2
DA:48,10
LF:23
LH:18
end_of_record
SF:lib/feature/movie/domain/entities/genre.dart
DA:4,5
DA:12,2
DA:13,6
LF:3
LH:3
end_of_record
SF:lib/feature/movie/domain/entities/movie.dart
DA:4,8
DA:20,1
DA:41,7
DA:42,7
DA:43,7
DA:44,7
DA:45,7
DA:46,7
DA:47,7
DA:48,7
DA:49,7
DA:50,7
DA:51,7
DA:52,7
DA:53,7
DA:54,7
DA:55,7
LF:17
LH:17
end_of_record
SF:lib/feature/movie/domain/entities/movie_detail.dart
DA:6,5
DA:34,2
DA:35,2
DA:36,2
DA:37,2
DA:38,2
DA:39,2
DA:40,2
DA:41,2
DA:42,2
DA:43,2
DA:44,2
DA:45,2
DA:46,2
LF:14
LH:14
end_of_record
SF:lib/common/exception.dart
DA:8,2
DA:12,20
DA:20,0
DA:21,0
LF:4
LH:2
end_of_record
SF:lib/feature/movie/data/data_sources/movie_local_data_source.dart
DA:16,1
DA:18,1
DA:21,2
DA:24,2
DA:28,1
DA:31,2
DA:34,2
DA:38,1
DA:40,2
DA:42,1
DA:48,1
DA:50,2
DA:51,4
LF:13
LH:13
end_of_record
SF:lib/common/dio_client.dart
DA:13,0
DA:15,0
DA:16,0
DA:17,0
DA:18,0
DA:20,0
DA:21,0
DA:22,0
DA:23,0
DA:27,0
DA:28,0
DA:30,0
DA:31,0
DA:32,0
DA:34,0
DA:40,0
DA:45,0
DA:55,0
DA:60,0
DA:62,0
DA:63,0
DA:64,0
DA:66,0
DA:71,0
DA:72,0
DA:79,0
DA:80,0
DA:82,0
DA:83,0
DA:84,0
DA:85,0
DA:92,0
DA:99,0
DA:100,0
DA:102,0
DA:103,0
DA:104,0
DA:106,0
DA:111,0
DA:112,0
DA:118,0
DA:119,0
DA:121,0
DA:122,0
DA:123,0
DA:124,0
DA:131,0
DA:143,0
DA:145,0
DA:148,0
DA:149,0
DA:152,0
DA:153,0
DA:154,0
DA:156,0
DA:161,0
DA:162,0
DA:171,0
DA:172,0
DA:173,0
DA:174,0
DA:175,0
DA:177,0
DA:178,0
DA:179,0
DA:180,0
DA:186,0
DA:196,0
DA:197,0
DA:200,0
DA:201,0
DA:204,0
DA:205,0
DA:206,0
DA:208,0
DA:213,0
DA:214,0
DA:223,0
DA:224,0
DA:226,0
DA:227,0
DA:228,0
DA:229,0
DA:235,0
DA:244,0
DA:245,0
DA:248,0
DA:249,0
DA:252,0
DA:253,0
DA:254,0
DA:256,0
DA:261,0
DA:262,0
DA:271,0
DA:272,0
DA:274,0
DA:275,0
DA:276,0
DA:277,0
DA:283,0
DA:288,0
DA:289,0
DA:290,0
DA:291,0
DA:292,0
LF:106
LH:0
end_of_record
SF:lib/common/failure.dart
DA:6,15
DA:8,2
DA:9,4
DA:13,28
DA:17,2
DA:21,4
LF:6
LH:6
end_of_record
SF:lib/feature/movie/data/data_sources/db/db_helper.dart
DA:8,0
DA:12,0
DA:16,0
DA:17,0
DA:24,0
DA:25,0
DA:26,0
DA:28,0
DA:31,0
DA:36,0
DA:37,0
DA:38,0
DA:39,0
DA:43,0
DA:44,0
DA:53,0
DA:64,0
DA:65,0
DA:66,0
DA:69,0
DA:70,0
DA:71,0
DA:74,0
DA:78,0
DA:79,0
DA:80,0
DA:83,0
DA:86,0
DA:87,0
DA:93,0
DA:94,0
DA:95,0
LF:32
LH:0
end_of_record
SF:lib/feature/movie/data/data_sources/movie_remote_data_source.dart
DA:26,1
DA:28,1
DA:31,3
DA:32,3
DA:33,1
DA:34,1
DA:38,1
DA:41,3
DA:42,3
DA:43,1
DA:44,1
DA:48,1
DA:51,3
DA:52,3
DA:53,1
DA:54,1
DA:58,1
DA:61,3
DA:62,2
DA:63,1
DA:64,1
DA:68,1
DA:71,3
DA:72,3
DA:73,1
DA:74,1
DA:78,1
DA:81,2
DA:82,1
DA:83,1
DA:85,3
DA:86,1
DA:87,1
LF:33
LH:33
end_of_record
SF:lib/common/api_endpoint.dart
DA:4,3
DA:5,3
DA:6,3
DA:8,2
DA:10,2
DA:11,3
LF:6
LH:6
end_of_record
SF:lib/common/logger.dart
DA:4,0
DA:5,0
DA:15,0
DA:21,0
DA:23,0
DA:26,0
DA:30,0
DA:31,0
DA:34,0
DA:35,0
LF:10
LH:0
end_of_record
SF:lib/feature/movie/data/models/movie_response.dart
DA:8,2
DA:10,4
DA:11,2
DA:12,2
DA:13,6
DA:14,6
DA:18,2
DA:19,5
DA:22,1
DA:23,2
LF:10
LH:10
end_of_record
SF:lib/feature/movie/data/repositories/movie_repository_impl.dart
DA:19,1
DA:24,1
DA:27,2
DA:28,5
DA:29,1
DA:30,2
DA:31,1
DA:32,2
DA:36,1
DA:39,2
DA:40,2
DA:41,1
DA:42,2
DA:43,1
DA:44,2
DA:48,1
DA:51,2
DA:52,3
DA:53,1
DA:54,2
DA:55,1
DA:56,2
DA:60,1
DA:63,2
DA:64,5
DA:65,1
DA:66,2
DA:67,1
DA:68,2
DA:72,1
DA:75,2
DA:76,5
DA:77,1
DA:78,2
DA:79,1
DA:80,2
DA:84,1
DA:87,2
DA:88,5
DA:89,1
DA:90,2
DA:91,1
DA:92,2
DA:96,1
DA:99,2
DA:100,1
DA:102,1
DA:103,1
DA:104,3
DA:108,1
DA:111,2
DA:112,1
DA:114,1
DA:115,1
DA:116,3
DA:120,1
DA:122,2
DA:126,1
DA:129,2
DA:130,5
DA:131,0
DA:132,0
LF:62
LH:60
end_of_record
SF:lib/feature/movie/domain/usecases/get_top_rated_movies.dart
DA:11,1
DA:13,1
DA:14,2
LF:3
LH:3
end_of_record
SF:lib/feature/movie/domain/usecases/save_watchlist.dart
DA:10,1
DA:12,1
DA:13,2
LF:3
LH:3
end_of_record
SF:lib/feature/movie/domain/usecases/get_movie_detail.dart
DA:11,1
DA:13,1
DA:14,2
LF:3
LH:3
end_of_record
SF:lib/feature/movie/domain/usecases/get_movie_recommendations.dart
DA:10,1
DA:12,1
DA:13,2
LF:3
LH:3
end_of_record
SF:lib/feature/movie/domain/usecases/get_watchlist_movies.dart
DA:11,1
DA:13,1
DA:14,2
LF:3
LH:3
end_of_record
SF:lib/feature/movie/domain/usecases/get_now_playing_movies.dart
DA:10,1
DA:12,1
DA:13,2
LF:3
LH:3
end_of_record
SF:lib/feature/movie/domain/usecases/remove_watchlist.dart
DA:11,1
DA:13,1
DA:14,2
LF:3
LH:3
end_of_record
SF:lib/feature/movie/domain/usecases/get_popular_movies.dart
DA:10,1
DA:12,1
DA:13,2
LF:3
LH:3
end_of_record
SF:lib/feature/movie/domain/usecases/search_movies.dart
DA:10,1
DA:12,1
DA:13,2
LF:3
LH:3
end_of_record
SF:lib/feature/movie/domain/usecases/get_watchlist_status.dart
DA:6,1
DA:8,1
DA:9,2
LF:3
LH:3
end_of_record
SF:lib/feature/movie/presentation/watchlist_movie_bloc/watchlist_movie_bloc.dart
DA:11,1
DA:12,1
DA:13,2
DA:14,3
DA:16,2
DA:18,1
DA:19,1
DA:20,4
DA:22,1
DA:23,3
LF:10
LH:10
end_of_record
SF:lib/feature/movie/presentation/watchlist_movie_bloc/watchlist_movie_event.dart
DA:4,1
DA:6,0
DA:7,0
LF:3
LH:1
end_of_record
SF:lib/feature/movie/presentation/watchlist_movie_bloc/watchlist_movie_state.dart
DA:10,3
DA:16,1
DA:21,1
DA:22,1
DA:23,0
DA:24,1
DA:28,1
DA:29,4
LF:8
LH:7
end_of_record
SF:lib/feature/movie/presentation/top_rated_movies_bloc/top_rated_movies_bloc.dart
DA:15,1
DA:16,2
DA:17,2
DA:20,1
DA:21,2
DA:23,2
DA:25,1
DA:26,4
DA:27,3
LF:9
LH:9
end_of_record
SF:lib/feature/movie/presentation/top_rated_movies_bloc/top_rated_movies_event.dart
DA:4,1
DA:6,0
DA:7,0
LF:3
LH:1
end_of_record
SF:lib/feature/movie/presentation/top_rated_movies_bloc/top_rated_movies_state.dart
DA:4,1
DA:6,1
DA:7,1
DA:17,1
DA:19,1
DA:20,2
DA:26,1
DA:28,1
DA:29,2
LF:9
LH:9
end_of_record
SF:lib/feature/movie/presentation/movie_detail_bloc/movie_detail_bloc.dart
DA:12,1
DA:15,2
DA:16,2
DA:17,2
DA:18,1
DA:19,2
DA:20,2
DA:24,1
DA:25,1
DA:26,3
DA:28,1
DA:29,1
DA:30,1
DA:31,3
DA:33,1
DA:34,1
DA:35,1
LF:17
LH:17
end_of_record
SF:lib/feature/movie/presentation/movie_detail_bloc/movie_detail_event.dart
DA:5,1
DA:11,1
DA:17,0
DA:23,0
LF:4
LH:2
end_of_record
SF:lib/feature/movie/presentation/movie_detail_bloc/movie_detail_state.dart
DA:7,1
DA:9,1
DA:10,1
DA:21,1
DA:23,1
DA:24,2
DA:31,1
DA:36,1
DA:37,3
LF:9
LH:9
end_of_record
SF:lib/feature/movie/presentation/now_playing_movies_bloc/now_playing_movies_state.dart
DA:4,1
DA:6,1
DA:7,1
DA:17,1
DA:19,1
DA:20,2
DA:26,1
DA:28,1
DA:29,2
LF:9
LH:9
end_of_record
SF:lib/feature/movie/presentation/now_playing_movies_bloc/now_playing_movies_bloc.dart
DA:15,1
DA:16,2
DA:17,2
DA:20,1
DA:21,2
DA:23,2
DA:25,1
DA:26,4
DA:27,3
LF:9
LH:9
end_of_record
SF:lib/feature/movie/presentation/now_playing_movies_bloc/now_playing_movies_event.dart
DA:4,1
DA:6,0
DA:7,0
LF:3
LH:1
end_of_record
SF:lib/feature/movie/presentation/movie_search_bloc/movie_search_state.dart
DA:4,1
DA:6,1
DA:7,1
DA:17,1
DA:19,1
DA:20,2
DA:26,1
DA:28,1
DA:29,2
LF:9
LH:9
end_of_record
SF:lib/feature/movie/presentation/movie_search_bloc/movie_search_event.dart
DA:4,1
DA:6,0
DA:7,0
DA:13,1
DA:15,0
DA:16,0
LF:6
LH:2
end_of_record
SF:lib/feature/movie/presentation/movie_search_bloc/movie_search_bloc.dart
DA:14,3
DA:15,2
DA:18,1
DA:19,1
DA:21,2
DA:23,2
DA:25,1
DA:26,4
DA:27,3
LF:9
LH:9
end_of_record
